<?xml version="1.0" encoding="UTF-8"?>
<!-- Generated by org.testng.reporters.JUnitReportReporter -->
<testsuite hostname="DESKTOP-H7IFQSF" failures="0" tests="1" name="com.auto.scripts.BlueStoneTest" time="23.936" errors="0" timestamp="2023-06-15T12:42:14 IST" skipped="0">
  <testcase classname="com.auto.scripts.BlueStoneTest" name="Test1" time="23.936"/>
  <system-out/>
</testsuite> <!-- com.auto.scripts.BlueStoneTest -->
