<?xml version="1.0" encoding="UTF-8"?>
<!-- Generated by org.testng.reporters.JUnitReportReporter -->
<testsuite hostname="DESKTOP-H7IFQSF" failures="0" tests="1" name="com.auto.scripts.LoginTest" time="13.557" errors="0" timestamp="2023-06-14T11:42:40 IST" skipped="0">
  <testcase classname="com.auto.scripts.LoginTest" name="Stagin" time="13.557"/>
  <system-out/>
</testsuite> <!-- com.auto.scripts.LoginTest -->
